
Attempting to install podman-init from PyPi
Defaulting to user installation because normal site-packages is not writeable
Collecting podman-init
  Downloading podman_init-1.0.3-py3-none-any.whl (10 kB)
Requirement already satisfied: click in /usr/lib/python3/dist-packages (from podman-init) (8.0.3)
Requirement already satisfied: jinja2 in /usr/lib/python3/dist-packages (from podman-init) (3.0.3)
Installing collected packages: podman-init
Successfully installed podman-init-1.0.3
Fri Nov 29 06:05:06 UTC 2024: podman-init installed successfully.
Attempting to install podman-init from PyPi
Defaulting to user installation because normal site-packages is not writeable
Collecting podman-init
  Downloading podman_init-1.0.3-py3-none-any.whl (10 kB)
Requirement already satisfied: click in /usr/lib/python3/dist-packages (from podman-init) (8.0.3)
Requirement already satisfied: jinja2 in /usr/lib/python3/dist-packages (from podman-init) (3.0.3)
Installing collected packages: podman-init
Successfully installed podman-init-1.0.3
Fri Nov 29 12:33:29 UTC 2024: podman-init installed successfully.
Attempting to install podman-init from PyPi
Defaulting to user installation because normal site-packages is not writeable
Collecting podman-init
  Downloading podman_init-1.0.3-py3-none-any.whl (10 kB)
Requirement already satisfied: jinja2 in /usr/lib/python3/dist-packages (from podman-init) (3.0.3)
Requirement already satisfied: click in /usr/lib/python3/dist-packages (from podman-init) (8.0.3)
Installing collected packages: podman-init
Successfully installed podman-init-1.0.3
Fri Nov 29 18:22:21 UTC 2024: podman-init installed successfully.
Attempting to install podman-init from PyPi
Defaulting to user installation because normal site-packages is not writeable
Collecting podman-init
  Downloading podman_init-1.0.3-py3-none-any.whl (10 kB)
Requirement already satisfied: click in /usr/lib/python3/dist-packages (from podman-init) (8.0.3)
Requirement already satisfied: jinja2 in /usr/lib/python3/dist-packages (from podman-init) (3.0.3)
Installing collected packages: podman-init
Successfully installed podman-init-1.0.3
Sat Nov 30 01:16:52 UTC 2024: podman-init installed successfully.
Attempting to install podman-init from PyPi
Defaulting to user installation because normal site-packages is not writeable
Collecting podman-init
  Downloading podman_init-1.0.3-py3-none-any.whl (10 kB)
Requirement already satisfied: jinja2 in /usr/lib/python3/dist-packages (from podman-init) (3.0.3)
Requirement already satisfied: click in /usr/lib/python3/dist-packages (from podman-init) (8.0.3)
Installing collected packages: podman-init
Successfully installed podman-init-1.0.3
Sat Nov 30 06:21:54 UTC 2024: podman-init installed successfully.
Attempting to install podman-init from PyPi
Defaulting to user installation because normal site-packages is not writeable
Collecting podman-init
  Downloading podman_init-1.0.3-py3-none-any.whl (10 kB)
Requirement already satisfied: click in /usr/lib/python3/dist-packages (from podman-init) (8.0.3)
Requirement already satisfied: jinja2 in /usr/lib/python3/dist-packages (from podman-init) (3.0.3)
Installing collected packages: podman-init
Successfully installed podman-init-1.0.3
Sat Nov 30 12:30:30 UTC 2024: podman-init installed successfully.
Attempting to install podman-init from PyPi
Defaulting to user installation because normal site-packages is not writeable
Collecting podman-init
  Downloading podman_init-1.0.3-py3-none-any.whl (10 kB)
Requirement already satisfied: jinja2 in /usr/lib/python3/dist-packages (from podman-init) (3.0.3)
Requirement already satisfied: click in /usr/lib/python3/dist-packages (from podman-init) (8.0.3)
Installing collected packages: podman-init
Successfully installed podman-init-1.0.3
Sat Nov 30 18:20:29 UTC 2024: podman-init installed successfully.
Attempting to install podman-init from PyPi
Defaulting to user installation because normal site-packages is not writeable
Collecting podman-init
  Downloading podman_init-1.0.3-py3-none-any.whl (10 kB)
Requirement already satisfied: jinja2 in /usr/lib/python3/dist-packages (from podman-init) (3.0.3)
Requirement already satisfied: click in /usr/lib/python3/dist-packages (from podman-init) (8.0.3)
Installing collected packages: podman-init
Successfully installed podman-init-1.0.3
Sun Dec  1 01:38:15 UTC 2024: podman-init installed successfully.
Attempting to install podman-init from PyPi
Defaulting to user installation because normal site-packages is not writeable
Collecting podman-init
  Downloading podman_init-1.0.3-py3-none-any.whl (10 kB)
Requirement already satisfied: jinja2 in /usr/lib/python3/dist-packages (from podman-init) (3.0.3)
Requirement already satisfied: click in /usr/lib/python3/dist-packages (from podman-init) (8.0.3)
Installing collected packages: podman-init
Successfully installed podman-init-1.0.3
Sun Dec  1 06:23:28 UTC 2024: podman-init installed successfully.
